[0.027s] Invoking command in '/home/stef/RCAP/mpu9250/build/mpu9250driver': CMAKE_PREFIX_PATH=${CMAKE_PREFIX_PATH}:/opt/ros/galactic /usr/bin/cmake --build /home/stef/RCAP/mpu9250/build/mpu9250driver -- -j4 -l4
[0.113s] [35m[1mScanning dependencies of target mpu9250sensor[0m
[0.136s] [ 33%] Built target linux_i2c_communicator
[0.136s] [ 50%] [32mBuilding CXX object lib/mpu9250sensor/CMakeFiles/mpu9250sensor.dir/src/mpu9250sensor.cpp.o[0m
[1.030s] [01m[K/home/stef/RCAP/mpu9250/lib/mpu9250sensor/src/mpu9250sensor.cpp:[m[K In constructor ‘[01m[KMPU9250Sensor::MPU9250Sensor(std::unique_ptr<I2cCommunicator>)[m[K’:
[1.030s] [01m[K/home/stef/RCAP/mpu9250/lib/mpu9250sensor/src/mpu9250sensor.cpp:16:7:[m[K [01;35m[Kwarning: [m[Kvariable ‘[01m[Kresult[m[K’ set but not used [[01;35m[K-Wunused-but-set-variable[m[K]
[1.031s]    16 |   int [01;35m[Kresult[m[K = i2cBus_->write(PWR_MGMT_1, 0);
[1.031s]       |       [01;35m[K^~~~~~[m[K
[1.037s] [01m[K/home/stef/RCAP/mpu9250/lib/mpu9250sensor/src/mpu9250sensor.cpp:[m[K In member function ‘[01m[Kvoid MPU9250Sensor::triggerNextMagReading() const[m[K’:
[1.037s] [01m[K/home/stef/RCAP/mpu9250/lib/mpu9250sensor/src/mpu9250sensor.cpp:167:10:[m[K [01;35m[Kwarning: [m[Kunused variable ‘[01m[Kstatus2[m[K’ [[01;35m[K-Wunused-variable[m[K]
[1.038s]   167 |   int8_t [01;35m[Kstatus2[m[K = i2cBus_->read(STATUS_2);
[1.038s]       |          [01;35m[K^~~~~~~[m[K
[1.324s] [ 66%] [32m[1mLinking CXX static library libmpu9250sensor.a[0m
[1.389s] [ 66%] Built target mpu9250sensor
[1.464s] [ 83%] [32m[1mLinking CXX executable mpu9250driver[0m
[2.025s] [100%] Built target mpu9250driver
[2.048s] Invoked command in '/home/stef/RCAP/mpu9250/build/mpu9250driver' returned '0': CMAKE_PREFIX_PATH=${CMAKE_PREFIX_PATH}:/opt/ros/galactic /usr/bin/cmake --build /home/stef/RCAP/mpu9250/build/mpu9250driver -- -j4 -l4
[2.123s] Invoking command in '/home/stef/RCAP/mpu9250/build/mpu9250driver': CMAKE_PREFIX_PATH=${CMAKE_PREFIX_PATH}:/opt/ros/galactic /usr/bin/cmake --install /home/stef/RCAP/mpu9250/build/mpu9250driver
[2.141s] -- Install configuration: ""
[2.141s] -- Installing: /home/stef/RCAP/mpu9250/install/mpu9250driver/lib/mpu9250driver/mpu9250driver
[2.145s] -- Set runtime path of "/home/stef/RCAP/mpu9250/install/mpu9250driver/lib/mpu9250driver/mpu9250driver" to ""
[2.146s] -- Up-to-date: /home/stef/RCAP/mpu9250/install/mpu9250driver/share/mpu9250driver//launch
[2.146s] -- Up-to-date: /home/stef/RCAP/mpu9250/install/mpu9250driver/share/mpu9250driver//launch/mpu9250driver_launch.py
[2.146s] -- Up-to-date: /home/stef/RCAP/mpu9250/install/mpu9250driver/share/mpu9250driver//config
[2.147s] -- Up-to-date: /home/stef/RCAP/mpu9250/install/mpu9250driver/share/mpu9250driver//config/imu_calibration.yaml
[2.147s] -- Up-to-date: /home/stef/RCAP/mpu9250/install/mpu9250driver/share/ament_index/resource_index/package_run_dependencies/mpu9250driver
[2.147s] -- Up-to-date: /home/stef/RCAP/mpu9250/install/mpu9250driver/share/ament_index/resource_index/parent_prefix_path/mpu9250driver
[2.148s] -- Up-to-date: /home/stef/RCAP/mpu9250/install/mpu9250driver/share/mpu9250driver/environment/ament_prefix_path.sh
[2.148s] -- Up-to-date: /home/stef/RCAP/mpu9250/install/mpu9250driver/share/mpu9250driver/environment/ament_prefix_path.dsv
[2.148s] -- Up-to-date: /home/stef/RCAP/mpu9250/install/mpu9250driver/share/mpu9250driver/environment/path.sh
[2.148s] -- Up-to-date: /home/stef/RCAP/mpu9250/install/mpu9250driver/share/mpu9250driver/environment/path.dsv
[2.148s] -- Up-to-date: /home/stef/RCAP/mpu9250/install/mpu9250driver/share/mpu9250driver/local_setup.bash
[2.149s] -- Up-to-date: /home/stef/RCAP/mpu9250/install/mpu9250driver/share/mpu9250driver/local_setup.sh
[2.149s] -- Up-to-date: /home/stef/RCAP/mpu9250/install/mpu9250driver/share/mpu9250driver/local_setup.zsh
[2.149s] -- Up-to-date: /home/stef/RCAP/mpu9250/install/mpu9250driver/share/mpu9250driver/local_setup.dsv
[2.149s] -- Installing: /home/stef/RCAP/mpu9250/install/mpu9250driver/share/mpu9250driver/package.dsv
[2.150s] -- Up-to-date: /home/stef/RCAP/mpu9250/install/mpu9250driver/share/ament_index/resource_index/packages/mpu9250driver
[2.150s] -- Up-to-date: /home/stef/RCAP/mpu9250/install/mpu9250driver/share/mpu9250driver/cmake/mpu9250driverConfig.cmake
[2.150s] -- Up-to-date: /home/stef/RCAP/mpu9250/install/mpu9250driver/share/mpu9250driver/cmake/mpu9250driverConfig-version.cmake
[2.150s] -- Up-to-date: /home/stef/RCAP/mpu9250/install/mpu9250driver/share/mpu9250driver/package.xml
[2.154s] Invoked command in '/home/stef/RCAP/mpu9250/build/mpu9250driver' returned '0': CMAKE_PREFIX_PATH=${CMAKE_PREFIX_PATH}:/opt/ros/galactic /usr/bin/cmake --install /home/stef/RCAP/mpu9250/build/mpu9250driver
