[0.645s] DEBUG:colcon:Command line arguments: ['/usr/bin/colcon', 'build']
[0.645s] DEBUG:colcon:Parsed command line arguments: Namespace(ament_cmake_args=None, base_paths=['.'], build_base='build', catkin_cmake_args=None, catkin_skip_building_tests=False, cmake_args=None, cmake_clean_cache=False, cmake_clean_first=False, cmake_force_configure=False, cmake_target=None, cmake_target_skip_unavailable=False, continue_on_error=False, event_handlers=None, executor='parallel', ignore_user_meta=False, install_base='install', log_base=None, log_level=None, main=<bound method BuildVerb.main of <colcon_core.verb.build.BuildVerb object at 0x7f5b12fbb220>>, merge_install=False, metas=['./colcon.meta'], packages_above=None, packages_above_and_dependencies=None, packages_above_depth=None, packages_end=None, packages_ignore=None, packages_ignore_regex=None, packages_select=None, packages_select_build_failed=False, packages_select_by_dep=None, packages_select_regex=None, packages_select_test_failures=False, packages_skip=None, packages_skip_build_finished=False, packages_skip_by_dep=None, packages_skip_regex=None, packages_skip_test_passed=False, packages_skip_up_to=None, packages_start=None, packages_up_to=None, packages_up_to_regex=None, parallel_workers=4, paths=None, symlink_install=False, test_result_base=None, verb_extension=<colcon_core.verb.build.BuildVerb object at 0x7f5b12fbb220>, verb_name='build', verb_parser=<colcon_defaults.argument_parser.defaults.DefaultArgumentsDecorator object at 0x7f5b12fbb760>)
[0.655s] Level 1:colcon.colcon_core.package_discovery:discover_packages(colcon_meta) check parameters
[0.655s] Level 1:colcon.colcon_core.package_discovery:discover_packages(recursive) check parameters
[0.655s] Level 1:colcon.colcon_core.package_discovery:discover_packages(ignore) check parameters
[0.655s] Level 1:colcon.colcon_core.package_discovery:discover_packages(path) check parameters
[0.655s] Level 1:colcon.colcon_core.package_discovery:discover_packages(colcon_meta) discover
[0.656s] Level 1:colcon.colcon_core.package_discovery:discover_packages(recursive) discover
[0.656s] INFO:colcon.colcon_core.package_discovery:Crawling recursively for packages in '/home/stef/RCAP/mpu9250'
[0.656s] Level 1:colcon.colcon_core.package_identification:_identify(.) by extensions ['ignore', 'ignore_ament_install']
[0.656s] Level 1:colcon.colcon_core.package_identification:_identify(.) by extension 'ignore'
[0.656s] Level 1:colcon.colcon_core.package_identification:_identify(.) by extension 'ignore_ament_install'
[0.656s] Level 1:colcon.colcon_core.package_identification:_identify(.) by extensions ['colcon_pkg']
[0.656s] Level 1:colcon.colcon_core.package_identification:_identify(.) by extension 'colcon_pkg'
[0.656s] Level 1:colcon.colcon_core.package_identification:_identify(.) by extensions ['colcon_meta']
[0.656s] Level 1:colcon.colcon_core.package_identification:_identify(.) by extension 'colcon_meta'
[0.656s] Level 1:colcon.colcon_core.package_identification:_identify(.) by extensions ['ros']
[0.656s] Level 1:colcon.colcon_core.package_identification:_identify(.) by extension 'ros'
[0.685s] DEBUG:colcon.colcon_core.package_identification:Package '.' with type 'ros.ament_cmake' and name 'mpu9250driver'
[0.685s] Level 1:colcon.colcon_core.package_discovery:discover_packages(recursive) using defaults
[0.685s] Level 1:colcon.colcon_core.package_discovery:discover_packages(ignore) discover
[0.685s] Level 1:colcon.colcon_core.package_discovery:discover_packages(ignore) using defaults
[0.685s] Level 1:colcon.colcon_core.package_discovery:discover_packages(path) discover
[0.685s] Level 1:colcon.colcon_core.package_discovery:discover_packages(path) using defaults
[0.726s] Level 5:colcon.colcon_core.verb:set package 'mpu9250driver' build argument 'cmake_args' from command line to 'None'
[0.726s] Level 5:colcon.colcon_core.verb:set package 'mpu9250driver' build argument 'cmake_target' from command line to 'None'
[0.726s] Level 5:colcon.colcon_core.verb:set package 'mpu9250driver' build argument 'cmake_target_skip_unavailable' from command line to 'False'
[0.726s] Level 5:colcon.colcon_core.verb:set package 'mpu9250driver' build argument 'cmake_clean_cache' from command line to 'False'
[0.726s] Level 5:colcon.colcon_core.verb:set package 'mpu9250driver' build argument 'cmake_clean_first' from command line to 'False'
[0.726s] Level 5:colcon.colcon_core.verb:set package 'mpu9250driver' build argument 'cmake_force_configure' from command line to 'False'
[0.726s] Level 5:colcon.colcon_core.verb:set package 'mpu9250driver' build argument 'ament_cmake_args' from command line to 'None'
[0.726s] Level 5:colcon.colcon_core.verb:set package 'mpu9250driver' build argument 'catkin_cmake_args' from command line to 'None'
[0.726s] Level 5:colcon.colcon_core.verb:set package 'mpu9250driver' build argument 'catkin_skip_building_tests' from command line to 'False'
[0.726s] DEBUG:colcon.colcon_core.verb:Building package 'mpu9250driver' with the following arguments: {'ament_cmake_args': None, 'build_base': '/home/stef/RCAP/mpu9250/build/mpu9250driver', 'catkin_cmake_args': None, 'catkin_skip_building_tests': False, 'cmake_args': None, 'cmake_clean_cache': False, 'cmake_clean_first': False, 'cmake_force_configure': False, 'cmake_target': None, 'cmake_target_skip_unavailable': False, 'install_base': '/home/stef/RCAP/mpu9250/install/mpu9250driver', 'merge_install': False, 'path': '/home/stef/RCAP/mpu9250', 'symlink_install': False, 'test_result_base': None}
[0.727s] INFO:colcon.colcon_core.executor:Executing jobs using 'parallel' executor
[0.730s] DEBUG:colcon.colcon_parallel_executor.executor.parallel:run_until_complete
[0.731s] INFO:colcon.colcon_ros.task.ament_cmake.build:Building ROS package in '/home/stef/RCAP/mpu9250' with build type 'ament_cmake'
[0.731s] INFO:colcon.colcon_cmake.task.cmake.build:Building CMake package in '/home/stef/RCAP/mpu9250'
[0.737s] INFO:colcon.colcon_core.plugin_system:Skipping extension 'colcon_core.shell.bat': Not used on non-Windows systems
[0.737s] INFO:colcon.colcon_core.shell:Skip shell extension 'powershell' for command environment: Not usable outside of PowerShell
[0.737s] DEBUG:colcon.colcon_core.shell:Skip shell extension 'dsv' for command environment
[0.742s] DEBUG:colcon.colcon_core.shell:Ignoring prefix path '/opt/ros/galactic'
[0.760s] DEBUG:colcon.colcon_core.event_handler.log_command:Invoking command in '/home/stef/RCAP/mpu9250/build/mpu9250driver': CMAKE_PREFIX_PATH=${CMAKE_PREFIX_PATH}:/opt/ros/galactic /usr/bin/cmake --build /home/stef/RCAP/mpu9250/build/mpu9250driver -- -j4 -l4
[2.781s] DEBUG:colcon.colcon_core.event_handler.log_command:Invoked command in '/home/stef/RCAP/mpu9250/build/mpu9250driver' returned '0': CMAKE_PREFIX_PATH=${CMAKE_PREFIX_PATH}:/opt/ros/galactic /usr/bin/cmake --build /home/stef/RCAP/mpu9250/build/mpu9250driver -- -j4 -l4
[2.855s] DEBUG:colcon.colcon_core.event_handler.log_command:Invoking command in '/home/stef/RCAP/mpu9250/build/mpu9250driver': CMAKE_PREFIX_PATH=${CMAKE_PREFIX_PATH}:/opt/ros/galactic /usr/bin/cmake --install /home/stef/RCAP/mpu9250/build/mpu9250driver
[2.884s] Level 1:colcon.colcon_core.environment:create_environment_scripts_only(mpu9250driver)
[2.886s] DEBUG:colcon.colcon_core.event_handler.log_command:Invoked command in '/home/stef/RCAP/mpu9250/build/mpu9250driver' returned '0': CMAKE_PREFIX_PATH=${CMAKE_PREFIX_PATH}:/opt/ros/galactic /usr/bin/cmake --install /home/stef/RCAP/mpu9250/build/mpu9250driver
[2.891s] Level 1:colcon.colcon_core.environment:checking '/home/stef/RCAP/mpu9250/install/mpu9250driver' for CMake module files
[2.892s] Level 1:colcon.colcon_core.environment:checking '/home/stef/RCAP/mpu9250/install/mpu9250driver' for CMake config files
[2.893s] Level 1:colcon.colcon_core.shell:create_environment_hook('mpu9250driver', 'cmake_prefix_path')
[2.894s] INFO:colcon.colcon_core.shell:Creating environment hook '/home/stef/RCAP/mpu9250/install/mpu9250driver/share/mpu9250driver/hook/cmake_prefix_path.ps1'
[2.896s] INFO:colcon.colcon_core.shell:Creating environment descriptor '/home/stef/RCAP/mpu9250/install/mpu9250driver/share/mpu9250driver/hook/cmake_prefix_path.dsv'
[2.896s] INFO:colcon.colcon_core.shell:Creating environment hook '/home/stef/RCAP/mpu9250/install/mpu9250driver/share/mpu9250driver/hook/cmake_prefix_path.sh'
[2.898s] Level 1:colcon.colcon_core.environment:checking '/home/stef/RCAP/mpu9250/install/mpu9250driver/lib'
[2.898s] Level 1:colcon.colcon_core.environment:checking '/home/stef/RCAP/mpu9250/install/mpu9250driver/bin'
[2.899s] Level 1:colcon.colcon_core.environment:checking '/home/stef/RCAP/mpu9250/install/mpu9250driver/lib/pkgconfig/mpu9250driver.pc'
[2.899s] Level 1:colcon.colcon_core.environment:checking '/home/stef/RCAP/mpu9250/install/mpu9250driver/lib/python3.8/site-packages'
[2.900s] INFO:colcon.colcon_core.shell:Creating package script '/home/stef/RCAP/mpu9250/install/mpu9250driver/share/mpu9250driver/package.ps1'
[2.904s] INFO:colcon.colcon_core.shell:Creating package descriptor '/home/stef/RCAP/mpu9250/install/mpu9250driver/share/mpu9250driver/package.dsv'
[2.905s] INFO:colcon.colcon_core.shell:Creating package script '/home/stef/RCAP/mpu9250/install/mpu9250driver/share/mpu9250driver/package.sh'
[2.906s] INFO:colcon.colcon_core.shell:Creating package script '/home/stef/RCAP/mpu9250/install/mpu9250driver/share/mpu9250driver/package.bash'
[2.910s] INFO:colcon.colcon_core.shell:Creating package script '/home/stef/RCAP/mpu9250/install/mpu9250driver/share/mpu9250driver/package.zsh'
[2.912s] Level 1:colcon.colcon_core.environment:create_file_with_runtime_dependencies(/home/stef/RCAP/mpu9250/install/mpu9250driver/share/colcon-core/packages/mpu9250driver)
[2.956s] Level 1:colcon.colcon_core.environment:create_environment_scripts_only(mpu9250driver)
[2.958s] Level 1:colcon.colcon_core.environment:checking '/home/stef/RCAP/mpu9250/install/mpu9250driver' for CMake module files
[2.959s] Level 1:colcon.colcon_core.environment:checking '/home/stef/RCAP/mpu9250/install/mpu9250driver' for CMake config files
[2.960s] Level 1:colcon.colcon_core.shell:create_environment_hook('mpu9250driver', 'cmake_prefix_path')
[2.961s] INFO:colcon.colcon_core.shell:Creating environment hook '/home/stef/RCAP/mpu9250/install/mpu9250driver/share/mpu9250driver/hook/cmake_prefix_path.ps1'
[2.962s] INFO:colcon.colcon_core.shell:Creating environment descriptor '/home/stef/RCAP/mpu9250/install/mpu9250driver/share/mpu9250driver/hook/cmake_prefix_path.dsv'
[2.963s] INFO:colcon.colcon_core.shell:Creating environment hook '/home/stef/RCAP/mpu9250/install/mpu9250driver/share/mpu9250driver/hook/cmake_prefix_path.sh'
[2.964s] Level 1:colcon.colcon_core.environment:checking '/home/stef/RCAP/mpu9250/install/mpu9250driver/lib'
[2.964s] Level 1:colcon.colcon_core.environment:checking '/home/stef/RCAP/mpu9250/install/mpu9250driver/bin'
[2.964s] Level 1:colcon.colcon_core.environment:checking '/home/stef/RCAP/mpu9250/install/mpu9250driver/lib/pkgconfig/mpu9250driver.pc'
[2.964s] Level 1:colcon.colcon_core.environment:checking '/home/stef/RCAP/mpu9250/install/mpu9250driver/lib/python3.8/site-packages'
[2.966s] INFO:colcon.colcon_core.shell:Creating package script '/home/stef/RCAP/mpu9250/install/mpu9250driver/share/mpu9250driver/package.ps1'
[2.967s] INFO:colcon.colcon_core.shell:Creating package descriptor '/home/stef/RCAP/mpu9250/install/mpu9250driver/share/mpu9250driver/package.dsv'
[2.968s] INFO:colcon.colcon_core.shell:Creating package script '/home/stef/RCAP/mpu9250/install/mpu9250driver/share/mpu9250driver/package.sh'
[2.968s] INFO:colcon.colcon_core.shell:Creating package script '/home/stef/RCAP/mpu9250/install/mpu9250driver/share/mpu9250driver/package.bash'
[2.969s] INFO:colcon.colcon_core.shell:Creating package script '/home/stef/RCAP/mpu9250/install/mpu9250driver/share/mpu9250driver/package.zsh'
[2.970s] Level 1:colcon.colcon_core.environment:create_file_with_runtime_dependencies(/home/stef/RCAP/mpu9250/install/mpu9250driver/share/colcon-core/packages/mpu9250driver)
[2.970s] DEBUG:colcon.colcon_parallel_executor.executor.parallel:closing loop
[2.971s] DEBUG:colcon.colcon_parallel_executor.executor.parallel:loop closed
[2.971s] DEBUG:colcon.colcon_parallel_executor.executor.parallel:run_until_complete finished with '0'
[2.971s] DEBUG:colcon.colcon_core.event_reactor:joining thread
[2.982s] INFO:colcon.colcon_core.plugin_system:Skipping extension 'colcon_notification.desktop_notification.terminal_notifier': Not used on non-Darwin systems
[2.982s] INFO:colcon.colcon_core.plugin_system:Skipping extension 'colcon_notification.desktop_notification.win32': Not used on non-Windows systems
[2.982s] INFO:colcon.colcon_notification.desktop_notification:Sending desktop notification using 'notify2'
[3.307s] DEBUG:colcon.colcon_core.event_reactor:joined thread
[3.308s] INFO:colcon.colcon_core.shell:Creating prefix script '/home/stef/RCAP/mpu9250/install/local_setup.ps1'
[3.310s] INFO:colcon.colcon_core.shell:Creating prefix util module '/home/stef/RCAP/mpu9250/install/_local_setup_util_ps1.py'
[3.314s] INFO:colcon.colcon_core.shell:Creating prefix chain script '/home/stef/RCAP/mpu9250/install/setup.ps1'
[3.319s] INFO:colcon.colcon_core.shell:Creating prefix script '/home/stef/RCAP/mpu9250/install/local_setup.sh'
[3.320s] INFO:colcon.colcon_core.shell:Creating prefix util module '/home/stef/RCAP/mpu9250/install/_local_setup_util_sh.py'
[3.321s] INFO:colcon.colcon_core.shell:Creating prefix chain script '/home/stef/RCAP/mpu9250/install/setup.sh'
[3.326s] INFO:colcon.colcon_core.shell:Creating prefix script '/home/stef/RCAP/mpu9250/install/local_setup.bash'
[3.327s] INFO:colcon.colcon_core.shell:Creating prefix chain script '/home/stef/RCAP/mpu9250/install/setup.bash'
[3.332s] INFO:colcon.colcon_core.shell:Creating prefix script '/home/stef/RCAP/mpu9250/install/local_setup.zsh'
[3.333s] INFO:colcon.colcon_core.shell:Creating prefix chain script '/home/stef/RCAP/mpu9250/install/setup.zsh'
