[0.025s] Invoking command in '/home/stef/RCAP/robot_car/build/robot_car': CMAKE_PREFIX_PATH=${CMAKE_PREFIX_PATH}:/home/stef/dev_ws/src/robot_car/install/robot_car:/opt/ros/galactic /usr/bin/cmake /home/stef/RCAP/robot_car -DCMAKE_INSTALL_PREFIX=/home/stef/RCAP/robot_car/install/robot_car
[0.187s] -- The C compiler identification is GNU 9.3.0
[0.347s] -- The CXX compiler identification is GNU 9.3.0
[0.362s] -- Check for working C compiler: /usr/bin/cc
[0.535s] -- Check for working C compiler: /usr/bin/cc -- works
[0.538s] -- Detecting C compiler ABI info
[0.713s] -- Detecting C compiler ABI info - done
[0.760s] -- Detecting C compile features
[0.761s] -- Detecting C compile features - done
[0.768s] -- Check for working CXX compiler: /usr/bin/c++
[0.978s] -- Check for working CXX compiler: /usr/bin/c++ -- works
[0.981s] -- Detecting CXX compiler ABI info
[1.207s] -- Detecting CXX compiler ABI info - done
[1.273s] -- Detecting CXX compile features
[1.275s] -- Detecting CXX compile features - done
[1.289s] -- Found ament_cmake: 1.1.4 (/opt/ros/galactic/share/ament_cmake/cmake)
[1.347s] -- Found PythonInterp: /usr/bin/python3 (found suitable version "3.8.10", minimum required is "3") 
[1.348s] -- Using PYTHON_EXECUTABLE: /usr/bin/python3
[1.534s] -- Found ament_lint_auto: 0.10.6 (/opt/ros/galactic/share/ament_lint_auto/cmake)
[1.711s] -- Added test 'copyright' to check source files copyright and LICENSE
[1.723s] -- Added test 'cppcheck' to perform static code analysis on C / C++ code
[1.724s] -- Configured cppcheck include dirs: 
[1.724s] -- Configured cppcheck exclude dirs and/or files: 
[1.736s] -- Added test 'cpplint' to check C / C++ code against the Google style
[1.736s] -- Configured cpplint exclude dirs and/or files: 
[1.739s] -- Added test 'flake8' to check Python code syntax and style conventions
[1.743s] -- Added test 'lint_cmake' to check CMake code style
[1.746s] -- Added test 'pep257' to check Python code against some of the style conventions in PEP 257
[1.758s] -- Added test 'uncrustify' to check C / C++ code style
[1.759s] -- Configured uncrustify additional arguments: 
[1.761s] -- Added test 'xmllint' to check XML markup files
[1.767s] -- Configuring done
[1.774s] -- Generating done
[1.777s] -- Build files have been written to: /home/stef/RCAP/robot_car/build/robot_car
[1.784s] Invoked command in '/home/stef/RCAP/robot_car/build/robot_car' returned '0': CMAKE_PREFIX_PATH=${CMAKE_PREFIX_PATH}:/home/stef/dev_ws/src/robot_car/install/robot_car:/opt/ros/galactic /usr/bin/cmake /home/stef/RCAP/robot_car -DCMAKE_INSTALL_PREFIX=/home/stef/RCAP/robot_car/install/robot_car
[1.790s] Invoking command in '/home/stef/RCAP/robot_car/build/robot_car': CMAKE_PREFIX_PATH=${CMAKE_PREFIX_PATH}:/home/stef/dev_ws/src/robot_car/install/robot_car:/opt/ros/galactic /usr/bin/cmake --build /home/stef/RCAP/robot_car/build/robot_car -- -j4 -l4
[1.880s] Invoked command in '/home/stef/RCAP/robot_car/build/robot_car' returned '0': CMAKE_PREFIX_PATH=${CMAKE_PREFIX_PATH}:/home/stef/dev_ws/src/robot_car/install/robot_car:/opt/ros/galactic /usr/bin/cmake --build /home/stef/RCAP/robot_car/build/robot_car -- -j4 -l4
[1.957s] Invoking command in '/home/stef/RCAP/robot_car/build/robot_car': CMAKE_PREFIX_PATH=${CMAKE_PREFIX_PATH}:/home/stef/dev_ws/src/robot_car/install/robot_car:/opt/ros/galactic /usr/bin/cmake --install /home/stef/RCAP/robot_car/build/robot_car
[1.975s] -- Install configuration: ""
[1.975s] -- Installing: /home/stef/RCAP/robot_car/install/robot_car/share/robot_car/description
[1.975s] -- Installing: /home/stef/RCAP/robot_car/install/robot_car/share/robot_car/description/robot_car.vm.simulation.urdf
[1.976s] -- Installing: /home/stef/RCAP/robot_car/install/robot_car/share/robot_car/description/robot_car.physical.urdf
[1.976s] -- Installing: /home/stef/RCAP/robot_car/install/robot_car/share/robot_car/description/robot_car.vm.joint.state.gui.urdf
[1.977s] -- Installing: /home/stef/RCAP/robot_car/install/robot_car/share/robot_car/description/robot_car.vm.rqt.steering.urdf
[1.977s] -- Installing: /home/stef/RCAP/robot_car/install/robot_car/share/robot_car/launch
[1.977s] -- Installing: /home/stef/RCAP/robot_car/install/robot_car/share/robot_car/launch/robot_car.vm.rqt.steering.launch.py
[1.977s] -- Installing: /home/stef/RCAP/robot_car/install/robot_car/share/robot_car/launch/robot_car.vm.simulation.launch.py
[1.977s] -- Installing: /home/stef/RCAP/robot_car/install/robot_car/share/robot_car/launch/robot_car.physical.launch.py
[1.978s] -- Installing: /home/stef/RCAP/robot_car/install/robot_car/share/robot_car/launch/robot_car.vm.joint.state.gui.launch.py
[1.978s] -- Installing: /home/stef/RCAP/robot_car/install/robot_car/share/robot_car/launch/robot_car.vm.display.launch.py
[1.978s] -- Installing: /home/stef/RCAP/robot_car/install/robot_car/share/robot_car/rviz
[1.978s] -- Installing: /home/stef/RCAP/robot_car/install/robot_car/share/robot_car/rviz/urdf_config.joint.state.gui.rviz
[1.979s] -- Installing: /home/stef/RCAP/robot_car/install/robot_car/share/robot_car/rviz/urdf_config.simulation.rviz
[1.979s] -- Installing: /home/stef/RCAP/robot_car/install/robot_car/share/robot_car/rviz/urdf_config.physical.rviz
[1.979s] -- Installing: /home/stef/RCAP/robot_car/install/robot_car/share/robot_car/config
[1.979s] -- Installing: /home/stef/RCAP/robot_car/install/robot_car/share/robot_car/config/nav2_params.yaml
[1.980s] -- Installing: /home/stef/RCAP/robot_car/install/robot_car/share/robot_car/config/ekf.yaml
[1.980s] -- Installing: /home/stef/RCAP/robot_car/install/robot_car/share/robot_car/world
[1.980s] -- Installing: /home/stef/RCAP/robot_car/install/robot_car/share/robot_car/world/my_world.sdf
[1.980s] -- Installing: /home/stef/RCAP/robot_car/install/robot_car/share/robot_car/meshes
[1.980s] -- Installing: /home/stef/RCAP/robot_car/install/robot_car/share/robot_car/meshes/omni_wheel.dae
[1.982s] -- Installing: /home/stef/RCAP/robot_car/install/robot_car/share/ament_index/resource_index/package_run_dependencies/robot_car
[1.983s] -- Installing: /home/stef/RCAP/robot_car/install/robot_car/share/ament_index/resource_index/parent_prefix_path/robot_car
[1.983s] -- Installing: /home/stef/RCAP/robot_car/install/robot_car/share/robot_car/environment/ament_prefix_path.sh
[1.984s] -- Installing: /home/stef/RCAP/robot_car/install/robot_car/share/robot_car/environment/ament_prefix_path.dsv
[1.984s] -- Installing: /home/stef/RCAP/robot_car/install/robot_car/share/robot_car/environment/path.sh
[1.985s] -- Installing: /home/stef/RCAP/robot_car/install/robot_car/share/robot_car/environment/path.dsv
[1.985s] -- Installing: /home/stef/RCAP/robot_car/install/robot_car/share/robot_car/local_setup.bash
[1.985s] -- Installing: /home/stef/RCAP/robot_car/install/robot_car/share/robot_car/local_setup.sh
[1.986s] -- Installing: /home/stef/RCAP/robot_car/install/robot_car/share/robot_car/local_setup.zsh
[1.986s] -- Installing: /home/stef/RCAP/robot_car/install/robot_car/share/robot_car/local_setup.dsv
[1.986s] -- Installing: /home/stef/RCAP/robot_car/install/robot_car/share/robot_car/package.dsv
[1.989s] -- Installing: /home/stef/RCAP/robot_car/install/robot_car/share/ament_index/resource_index/packages/robot_car
[1.989s] -- Installing: /home/stef/RCAP/robot_car/install/robot_car/share/robot_car/cmake/robot_carConfig.cmake
[1.990s] -- Installing: /home/stef/RCAP/robot_car/install/robot_car/share/robot_car/cmake/robot_carConfig-version.cmake
[1.990s] -- Installing: /home/stef/RCAP/robot_car/install/robot_car/share/robot_car/package.xml
[1.994s] Invoked command in '/home/stef/RCAP/robot_car/build/robot_car' returned '0': CMAKE_PREFIX_PATH=${CMAKE_PREFIX_PATH}:/home/stef/dev_ws/src/robot_car/install/robot_car:/opt/ros/galactic /usr/bin/cmake --install /home/stef/RCAP/robot_car/build/robot_car
