[01m[K/home/stef/RCAP/mpu9250/lib/mpu9250sensor/src/mpu9250sensor.cpp:[m[K In constructor ‘[01m[KMPU9250Sensor::MPU9250Sensor(std::unique_ptr<I2cCommunicator>)[m[K’:
[01m[K/home/stef/RCAP/mpu9250/lib/mpu9250sensor/src/mpu9250sensor.cpp:16:7:[m[K [01;35m[Kwarning: [m[Kvariable ‘[01m[Kresult[m[K’ set but not used [[01;35m[K-Wunused-but-set-variable[m[K]
   16 |   int [01;35m[Kresult[m[K = i2cBus_->write(PWR_MGMT_1, 0);
      |       [01;35m[K^~~~~~[m[K
[01m[K/home/stef/RCAP/mpu9250/lib/mpu9250sensor/src/mpu9250sensor.cpp:[m[K In member function ‘[01m[Kdouble MPU9250Sensor::getAccelerationX() const[m[K’:
[01m[K/home/stef/RCAP/mpu9250/lib/mpu9250sensor/src/mpu9250sensor.cpp:74:15:[m[K [01;35m[Kwarning: [m[Kcomparison is always false due to limited range of data type [[01;35m[K-Wtype-limits[m[K]
   74 |   if ([01;35m[Kaccel_x > 32768[m[K)
      |       [01;35m[K~~~~~~~~^~~~~~~[m[K
[01m[K/home/stef/RCAP/mpu9250/lib/mpu9250sensor/src/mpu9250sensor.cpp:76:23:[m[K [01;31m[Kerror: [m[Kexpected ‘[01m[K;[m[K’ before ‘[01m[K}[m[K’ token
   76 |       accel_x -= 65536
      |                       [01;31m[K^[m[K
      |                       [32m[K;[m[K
   77 |   [32m[K}[m[K
      |   [32m[K~[m[K                    
[01m[K/home/stef/RCAP/mpu9250/lib/mpu9250sensor/src/mpu9250sensor.cpp:[m[K In member function ‘[01m[Kdouble MPU9250Sensor::getAccelerationY() const[m[K’:
[01m[K/home/stef/RCAP/mpu9250/lib/mpu9250sensor/src/mpu9250sensor.cpp:89:15:[m[K [01;35m[Kwarning: [m[Kcomparison is always false due to limited range of data type [[01;35m[K-Wtype-limits[m[K]
   89 |   if ([01;35m[Kaccel_y > 32768[m[K)
      |       [01;35m[K~~~~~~~~^~~~~~~[m[K
[01m[K/home/stef/RCAP/mpu9250/lib/mpu9250sensor/src/mpu9250sensor.cpp:91:23:[m[K [01;31m[Kerror: [m[Kexpected ‘[01m[K;[m[K’ before ‘[01m[K}[m[K’ token
   91 |       accel_y -= 65536
      |                       [01;31m[K^[m[K
      |                       [32m[K;[m[K
   92 |   [32m[K}[m[K
      |   [32m[K~[m[K                    
[01m[K/home/stef/RCAP/mpu9250/lib/mpu9250sensor/src/mpu9250sensor.cpp:[m[K In member function ‘[01m[Kdouble MPU9250Sensor::getAccelerationZ() const[m[K’:
[01m[K/home/stef/RCAP/mpu9250/lib/mpu9250sensor/src/mpu9250sensor.cpp:104:15:[m[K [01;35m[Kwarning: [m[Kcomparison is always false due to limited range of data type [[01;35m[K-Wtype-limits[m[K]
  104 |   if ([01;35m[Kaccel_z > 32768[m[K)
      |       [01;35m[K~~~~~~~~^~~~~~~[m[K
[01m[K/home/stef/RCAP/mpu9250/lib/mpu9250sensor/src/mpu9250sensor.cpp:106:23:[m[K [01;31m[Kerror: [m[Kexpected ‘[01m[K;[m[K’ before ‘[01m[K}[m[K’ token
  106 |       accel_z -= 65536
      |                       [01;31m[K^[m[K
      |                       [32m[K;[m[K
  107 |   [32m[K}[m[K
      |   [32m[K~[m[K                    
[01m[K/home/stef/RCAP/mpu9250/lib/mpu9250sensor/src/mpu9250sensor.cpp:[m[K In member function ‘[01m[Kdouble MPU9250Sensor::getAngularVelocityX() const[m[K’:
[01m[K/home/stef/RCAP/mpu9250/lib/mpu9250sensor/src/mpu9250sensor.cpp:119:14:[m[K [01;35m[Kwarning: [m[Kcomparison is always false due to limited range of data type [[01;35m[K-Wtype-limits[m[K]
  119 |   if ([01;35m[Kgyro_x > 32768[m[K)
      |       [01;35m[K~~~~~~~^~~~~~~[m[K
[01m[K/home/stef/RCAP/mpu9250/lib/mpu9250sensor/src/mpu9250sensor.cpp:121:22:[m[K [01;31m[Kerror: [m[Kexpected ‘[01m[K;[m[K’ before ‘[01m[K}[m[K’ token
  121 |       gyro_x -= 65536
      |                      [01;31m[K^[m[K
      |                      [32m[K;[m[K
  122 |   [32m[K}[m[K
      |   [32m[K~[m[K                   
[01m[K/home/stef/RCAP/mpu9250/lib/mpu9250sensor/src/mpu9250sensor.cpp:[m[K In member function ‘[01m[Kdouble MPU9250Sensor::getAngularVelocityY() const[m[K’:
[01m[K/home/stef/RCAP/mpu9250/lib/mpu9250sensor/src/mpu9250sensor.cpp:134:14:[m[K [01;35m[Kwarning: [m[Kcomparison is always false due to limited range of data type [[01;35m[K-Wtype-limits[m[K]
  134 |   if ([01;35m[Kgyro_y > 32768[m[K)
      |       [01;35m[K~~~~~~~^~~~~~~[m[K
[01m[K/home/stef/RCAP/mpu9250/lib/mpu9250sensor/src/mpu9250sensor.cpp:136:22:[m[K [01;31m[Kerror: [m[Kexpected ‘[01m[K;[m[K’ before ‘[01m[K}[m[K’ token
  136 |       gyro_y -= 65536
      |                      [01;31m[K^[m[K
      |                      [32m[K;[m[K
  137 |   [32m[K}[m[K
      |   [32m[K~[m[K                   
[01m[K/home/stef/RCAP/mpu9250/lib/mpu9250sensor/src/mpu9250sensor.cpp:[m[K In member function ‘[01m[Kdouble MPU9250Sensor::getAngularVelocityZ() const[m[K’:
[01m[K/home/stef/RCAP/mpu9250/lib/mpu9250sensor/src/mpu9250sensor.cpp:149:14:[m[K [01;35m[Kwarning: [m[Kcomparison is always false due to limited range of data type [[01;35m[K-Wtype-limits[m[K]
  149 |   if ([01;35m[Kgyro_z > 32768[m[K)
      |       [01;35m[K~~~~~~~^~~~~~~[m[K
[01m[K/home/stef/RCAP/mpu9250/lib/mpu9250sensor/src/mpu9250sensor.cpp:151:22:[m[K [01;31m[Kerror: [m[Kexpected ‘[01m[K;[m[K’ before ‘[01m[K}[m[K’ token
  151 |       gyro_z -= 65536
      |                      [01;31m[K^[m[K
      |                      [32m[K;[m[K
  152 |   [32m[K}[m[K
      |   [32m[K~[m[K                   
[01m[K/home/stef/RCAP/mpu9250/lib/mpu9250sensor/src/mpu9250sensor.cpp:[m[K In member function ‘[01m[Kdouble MPU9250Sensor::getMagneticFluxDensityX() const[m[K’:
[01m[K/home/stef/RCAP/mpu9250/lib/mpu9250sensor/src/mpu9250sensor.cpp:165:13:[m[K [01;35m[Kwarning: [m[Kcomparison is always false due to limited range of data type [[01;35m[K-Wtype-limits[m[K]
  165 |   if ([01;35m[Kmag_x > 32768[m[K)
      |       [01;35m[K~~~~~~^~~~~~~[m[K
[01m[K/home/stef/RCAP/mpu9250/lib/mpu9250sensor/src/mpu9250sensor.cpp:167:21:[m[K [01;31m[Kerror: [m[Kexpected ‘[01m[K;[m[K’ before ‘[01m[K}[m[K’ token
  167 |       mag_x -= 65536
      |                     [01;31m[K^[m[K
      |                     [32m[K;[m[K
  168 |   [32m[K}[m[K
      |   [32m[K~[m[K                  
[01m[K/home/stef/RCAP/mpu9250/lib/mpu9250sensor/src/mpu9250sensor.cpp:[m[K In member function ‘[01m[Kdouble MPU9250Sensor::getMagneticFluxDensityY() const[m[K’:
[01m[K/home/stef/RCAP/mpu9250/lib/mpu9250sensor/src/mpu9250sensor.cpp:181:13:[m[K [01;35m[Kwarning: [m[Kcomparison is always false due to limited range of data type [[01;35m[K-Wtype-limits[m[K]
  181 |   if ([01;35m[Kmag_y > 32768[m[K)
      |       [01;35m[K~~~~~~^~~~~~~[m[K
[01m[K/home/stef/RCAP/mpu9250/lib/mpu9250sensor/src/mpu9250sensor.cpp:183:21:[m[K [01;31m[Kerror: [m[Kexpected ‘[01m[K;[m[K’ before ‘[01m[K}[m[K’ token
  183 |       mag_y -= 65536
      |                     [01;31m[K^[m[K
      |                     [32m[K;[m[K
  184 |   [32m[K}[m[K
      |   [32m[K~[m[K                  
[01m[K/home/stef/RCAP/mpu9250/lib/mpu9250sensor/src/mpu9250sensor.cpp:[m[K In member function ‘[01m[Kdouble MPU9250Sensor::getMagneticFluxDensityZ() const[m[K’:
[01m[K/home/stef/RCAP/mpu9250/lib/mpu9250sensor/src/mpu9250sensor.cpp:197:13:[m[K [01;35m[Kwarning: [m[Kcomparison is always false due to limited range of data type [[01;35m[K-Wtype-limits[m[K]
  197 |   if ([01;35m[Kmag_z > 32768[m[K)
      |       [01;35m[K~~~~~~^~~~~~~[m[K
[01m[K/home/stef/RCAP/mpu9250/lib/mpu9250sensor/src/mpu9250sensor.cpp:199:21:[m[K [01;31m[Kerror: [m[Kexpected ‘[01m[K;[m[K’ before ‘[01m[K}[m[K’ token
  199 |       mag_z -= 65536
      |                     [01;31m[K^[m[K
      |                     [32m[K;[m[K
  200 |   [32m[K}[m[K
      |   [32m[K~[m[K                  
[01m[K/home/stef/RCAP/mpu9250/lib/mpu9250sensor/src/mpu9250sensor.cpp:[m[K In member function ‘[01m[Kvoid MPU9250Sensor::triggerNextMagReading() const[m[K’:
[01m[K/home/stef/RCAP/mpu9250/lib/mpu9250sensor/src/mpu9250sensor.cpp:210:10:[m[K [01;35m[Kwarning: [m[Kunused variable ‘[01m[Kstatus2[m[K’ [[01;35m[K-Wunused-variable[m[K]
  210 |   int8_t [01;35m[Kstatus2[m[K = i2cBus_->read(STATUS_2);
      |          [01;35m[K^~~~~~~[m[K
make[2]: *** [lib/mpu9250sensor/CMakeFiles/mpu9250sensor.dir/build.make:63: lib/mpu9250sensor/CMakeFiles/mpu9250sensor.dir/src/mpu9250sensor.cpp.o] Error 1
make[1]: *** [CMakeFiles/Makefile2:246: lib/mpu9250sensor/CMakeFiles/mpu9250sensor.dir/all] Error 2
make: *** [Makefile:141: all] Error 2
