[0.626s] DEBUG:colcon:Command line arguments: ['/usr/bin/colcon', 'build']
[0.627s] DEBUG:colcon:Parsed command line arguments: Namespace(ament_cmake_args=None, base_paths=['.'], build_base='build', catkin_cmake_args=None, catkin_skip_building_tests=False, cmake_args=None, cmake_clean_cache=False, cmake_clean_first=False, cmake_force_configure=False, cmake_target=None, cmake_target_skip_unavailable=False, continue_on_error=False, event_handlers=None, executor='parallel', ignore_user_meta=False, install_base='install', log_base=None, log_level=None, main=<bound method BuildVerb.main of <colcon_core.verb.build.BuildVerb object at 0x7f731a1ef220>>, merge_install=False, metas=['./colcon.meta'], packages_above=None, packages_above_and_dependencies=None, packages_above_depth=None, packages_end=None, packages_ignore=None, packages_ignore_regex=None, packages_select=None, packages_select_build_failed=False, packages_select_by_dep=None, packages_select_regex=None, packages_select_test_failures=False, packages_skip=None, packages_skip_build_finished=False, packages_skip_by_dep=None, packages_skip_regex=None, packages_skip_test_passed=False, packages_skip_up_to=None, packages_start=None, packages_up_to=None, packages_up_to_regex=None, parallel_workers=4, paths=None, symlink_install=False, test_result_base=None, verb_extension=<colcon_core.verb.build.BuildVerb object at 0x7f731a1ef220>, verb_name='build', verb_parser=<colcon_defaults.argument_parser.defaults.DefaultArgumentsDecorator object at 0x7f731a1ef760>)
[0.636s] Level 1:colcon.colcon_core.package_discovery:discover_packages(colcon_meta) check parameters
[0.636s] Level 1:colcon.colcon_core.package_discovery:discover_packages(recursive) check parameters
[0.636s] Level 1:colcon.colcon_core.package_discovery:discover_packages(ignore) check parameters
[0.636s] Level 1:colcon.colcon_core.package_discovery:discover_packages(path) check parameters
[0.636s] Level 1:colcon.colcon_core.package_discovery:discover_packages(colcon_meta) discover
[0.636s] Level 1:colcon.colcon_core.package_discovery:discover_packages(recursive) discover
[0.636s] INFO:colcon.colcon_core.package_discovery:Crawling recursively for packages in '/home/stef/RCAP/mpu9250'
[0.637s] Level 1:colcon.colcon_core.package_identification:_identify(.) by extensions ['ignore', 'ignore_ament_install']
[0.637s] Level 1:colcon.colcon_core.package_identification:_identify(.) by extension 'ignore'
[0.637s] Level 1:colcon.colcon_core.package_identification:_identify(.) by extension 'ignore_ament_install'
[0.637s] Level 1:colcon.colcon_core.package_identification:_identify(.) by extensions ['colcon_pkg']
[0.637s] Level 1:colcon.colcon_core.package_identification:_identify(.) by extension 'colcon_pkg'
[0.637s] Level 1:colcon.colcon_core.package_identification:_identify(.) by extensions ['colcon_meta']
[0.637s] Level 1:colcon.colcon_core.package_identification:_identify(.) by extension 'colcon_meta'
[0.637s] Level 1:colcon.colcon_core.package_identification:_identify(.) by extensions ['ros']
[0.637s] Level 1:colcon.colcon_core.package_identification:_identify(.) by extension 'ros'
[0.665s] DEBUG:colcon.colcon_core.package_identification:Package '.' with type 'ros.ament_cmake' and name 'mpu9250driver'
[0.665s] Level 1:colcon.colcon_core.package_discovery:discover_packages(recursive) using defaults
[0.665s] Level 1:colcon.colcon_core.package_discovery:discover_packages(ignore) discover
[0.665s] Level 1:colcon.colcon_core.package_discovery:discover_packages(ignore) using defaults
[0.665s] Level 1:colcon.colcon_core.package_discovery:discover_packages(path) discover
[0.666s] Level 1:colcon.colcon_core.package_discovery:discover_packages(path) using defaults
[0.703s] Level 5:colcon.colcon_core.verb:set package 'mpu9250driver' build argument 'cmake_args' from command line to 'None'
[0.703s] Level 5:colcon.colcon_core.verb:set package 'mpu9250driver' build argument 'cmake_target' from command line to 'None'
[0.703s] Level 5:colcon.colcon_core.verb:set package 'mpu9250driver' build argument 'cmake_target_skip_unavailable' from command line to 'False'
[0.704s] Level 5:colcon.colcon_core.verb:set package 'mpu9250driver' build argument 'cmake_clean_cache' from command line to 'False'
[0.704s] Level 5:colcon.colcon_core.verb:set package 'mpu9250driver' build argument 'cmake_clean_first' from command line to 'False'
[0.704s] Level 5:colcon.colcon_core.verb:set package 'mpu9250driver' build argument 'cmake_force_configure' from command line to 'False'
[0.704s] Level 5:colcon.colcon_core.verb:set package 'mpu9250driver' build argument 'ament_cmake_args' from command line to 'None'
[0.704s] Level 5:colcon.colcon_core.verb:set package 'mpu9250driver' build argument 'catkin_cmake_args' from command line to 'None'
[0.704s] Level 5:colcon.colcon_core.verb:set package 'mpu9250driver' build argument 'catkin_skip_building_tests' from command line to 'False'
[0.704s] DEBUG:colcon.colcon_core.verb:Building package 'mpu9250driver' with the following arguments: {'ament_cmake_args': None, 'build_base': '/home/stef/RCAP/mpu9250/build/mpu9250driver', 'catkin_cmake_args': None, 'catkin_skip_building_tests': False, 'cmake_args': None, 'cmake_clean_cache': False, 'cmake_clean_first': False, 'cmake_force_configure': False, 'cmake_target': None, 'cmake_target_skip_unavailable': False, 'install_base': '/home/stef/RCAP/mpu9250/install/mpu9250driver', 'merge_install': False, 'path': '/home/stef/RCAP/mpu9250', 'symlink_install': False, 'test_result_base': None}
[0.705s] INFO:colcon.colcon_core.executor:Executing jobs using 'parallel' executor
[0.708s] DEBUG:colcon.colcon_parallel_executor.executor.parallel:run_until_complete
[0.708s] INFO:colcon.colcon_ros.task.ament_cmake.build:Building ROS package in '/home/stef/RCAP/mpu9250' with build type 'ament_cmake'
[0.708s] INFO:colcon.colcon_cmake.task.cmake.build:Building CMake package in '/home/stef/RCAP/mpu9250'
[0.714s] INFO:colcon.colcon_core.plugin_system:Skipping extension 'colcon_core.shell.bat': Not used on non-Windows systems
[0.714s] INFO:colcon.colcon_core.shell:Skip shell extension 'powershell' for command environment: Not usable outside of PowerShell
[0.714s] DEBUG:colcon.colcon_core.shell:Skip shell extension 'dsv' for command environment
[0.719s] DEBUG:colcon.colcon_core.shell:Ignoring prefix path '/opt/ros/galactic'
[0.733s] DEBUG:colcon.colcon_core.event_handler.log_command:Invoking command in '/home/stef/RCAP/mpu9250/build/mpu9250driver': CMAKE_PREFIX_PATH=${CMAKE_PREFIX_PATH}:/opt/ros/galactic /usr/bin/cmake --build /home/stef/RCAP/mpu9250/build/mpu9250driver -- -j4 -l4
[1.905s] DEBUG:colcon.colcon_core.event_handler.log_command:Invoked command in '/home/stef/RCAP/mpu9250/build/mpu9250driver' returned '2': CMAKE_PREFIX_PATH=${CMAKE_PREFIX_PATH}:/opt/ros/galactic /usr/bin/cmake --build /home/stef/RCAP/mpu9250/build/mpu9250driver -- -j4 -l4
[1.954s] Level 1:colcon.colcon_core.environment:create_environment_scripts_only(mpu9250driver)
[1.960s] Level 1:colcon.colcon_core.environment:checking '/home/stef/RCAP/mpu9250/install/mpu9250driver' for CMake module files
[1.961s] Level 1:colcon.colcon_core.environment:checking '/home/stef/RCAP/mpu9250/install/mpu9250driver' for CMake config files
[1.962s] Level 1:colcon.colcon_core.shell:create_environment_hook('mpu9250driver', 'cmake_prefix_path')
[1.963s] INFO:colcon.colcon_core.shell:Creating environment hook '/home/stef/RCAP/mpu9250/install/mpu9250driver/share/mpu9250driver/hook/cmake_prefix_path.ps1'
[1.964s] INFO:colcon.colcon_core.shell:Creating environment descriptor '/home/stef/RCAP/mpu9250/install/mpu9250driver/share/mpu9250driver/hook/cmake_prefix_path.dsv'
[1.965s] INFO:colcon.colcon_core.shell:Creating environment hook '/home/stef/RCAP/mpu9250/install/mpu9250driver/share/mpu9250driver/hook/cmake_prefix_path.sh'
[1.967s] Level 1:colcon.colcon_core.environment:checking '/home/stef/RCAP/mpu9250/install/mpu9250driver/lib'
[1.967s] Level 1:colcon.colcon_core.environment:checking '/home/stef/RCAP/mpu9250/install/mpu9250driver/bin'
[1.967s] Level 1:colcon.colcon_core.environment:checking '/home/stef/RCAP/mpu9250/install/mpu9250driver/lib/pkgconfig/mpu9250driver.pc'
[1.967s] Level 1:colcon.colcon_core.environment:checking '/home/stef/RCAP/mpu9250/install/mpu9250driver/lib/python3.8/site-packages'
[1.969s] INFO:colcon.colcon_core.shell:Creating package script '/home/stef/RCAP/mpu9250/install/mpu9250driver/share/mpu9250driver/package.ps1'
[1.972s] INFO:colcon.colcon_core.shell:Creating package descriptor '/home/stef/RCAP/mpu9250/install/mpu9250driver/share/mpu9250driver/package.dsv'
[1.974s] INFO:colcon.colcon_core.shell:Creating package script '/home/stef/RCAP/mpu9250/install/mpu9250driver/share/mpu9250driver/package.sh'
[1.975s] INFO:colcon.colcon_core.shell:Creating package script '/home/stef/RCAP/mpu9250/install/mpu9250driver/share/mpu9250driver/package.bash'
[1.977s] INFO:colcon.colcon_core.shell:Creating package script '/home/stef/RCAP/mpu9250/install/mpu9250driver/share/mpu9250driver/package.zsh'
[1.979s] Level 1:colcon.colcon_core.environment:create_file_with_runtime_dependencies(/home/stef/RCAP/mpu9250/install/mpu9250driver/share/colcon-core/packages/mpu9250driver)
[1.990s] DEBUG:colcon.colcon_parallel_executor.executor.parallel:closing loop
[1.990s] DEBUG:colcon.colcon_parallel_executor.executor.parallel:loop closed
[1.991s] DEBUG:colcon.colcon_parallel_executor.executor.parallel:run_until_complete finished with '2'
[1.991s] DEBUG:colcon.colcon_core.event_reactor:joining thread
[2.001s] INFO:colcon.colcon_core.plugin_system:Skipping extension 'colcon_notification.desktop_notification.terminal_notifier': Not used on non-Darwin systems
[2.001s] INFO:colcon.colcon_core.plugin_system:Skipping extension 'colcon_notification.desktop_notification.win32': Not used on non-Windows systems
[2.001s] INFO:colcon.colcon_notification.desktop_notification:Sending desktop notification using 'notify2'
[2.022s] DEBUG:colcon.colcon_core.event_reactor:joined thread
[2.023s] INFO:colcon.colcon_core.shell:Creating prefix script '/home/stef/RCAP/mpu9250/install/local_setup.ps1'
[2.025s] INFO:colcon.colcon_core.shell:Creating prefix util module '/home/stef/RCAP/mpu9250/install/_local_setup_util_ps1.py'
[2.029s] INFO:colcon.colcon_core.shell:Creating prefix chain script '/home/stef/RCAP/mpu9250/install/setup.ps1'
[2.035s] INFO:colcon.colcon_core.shell:Creating prefix script '/home/stef/RCAP/mpu9250/install/local_setup.sh'
[2.036s] INFO:colcon.colcon_core.shell:Creating prefix util module '/home/stef/RCAP/mpu9250/install/_local_setup_util_sh.py'
[2.037s] INFO:colcon.colcon_core.shell:Creating prefix chain script '/home/stef/RCAP/mpu9250/install/setup.sh'
[2.042s] INFO:colcon.colcon_core.shell:Creating prefix script '/home/stef/RCAP/mpu9250/install/local_setup.bash'
[2.044s] INFO:colcon.colcon_core.shell:Creating prefix chain script '/home/stef/RCAP/mpu9250/install/setup.bash'
[2.050s] INFO:colcon.colcon_core.shell:Creating prefix script '/home/stef/RCAP/mpu9250/install/local_setup.zsh'
[2.051s] INFO:colcon.colcon_core.shell:Creating prefix chain script '/home/stef/RCAP/mpu9250/install/setup.zsh'
