[35m[1mScanning dependencies of target mpu9250sensor[0m
[ 33%] Built target linux_i2c_communicator
[ 50%] [32mBuilding CXX object lib/mpu9250sensor/CMakeFiles/mpu9250sensor.dir/src/mpu9250sensor.cpp.o[0m
[01m[K/home/stef/RCAP/mpu9250/lib/mpu9250sensor/src/mpu9250sensor.cpp:[m[K In constructor ‘[01m[KMPU9250Sensor::MPU9250Sensor(std::unique_ptr<I2cCommunicator>)[m[K’:
[01m[K/home/stef/RCAP/mpu9250/lib/mpu9250sensor/src/mpu9250sensor.cpp:16:7:[m[K [01;35m[Kwarning: [m[Kvariable ‘[01m[Kresult[m[K’ set but not used [[01;35m[K-Wunused-but-set-variable[m[K]
   16 |   int [01;35m[Kresult[m[K = i2cBus_->write(PWR_MGMT_1, 0);
      |       [01;35m[K^~~~~~[m[K
[01m[K/home/stef/RCAP/mpu9250/lib/mpu9250sensor/src/mpu9250sensor.cpp:[m[K In member function ‘[01m[Kdouble MPU9250Sensor::getAccelerationX() const[m[K’:
[01m[K/home/stef/RCAP/mpu9250/lib/mpu9250sensor/src/mpu9250sensor.cpp:74:15:[m[K [01;35m[Kwarning: [m[Kcomparison is always false due to limited range of data type [[01;35m[K-Wtype-limits[m[K]
   74 |   if ([01;35m[Kaccel_x > 32768[m[K)
      |       [01;35m[K~~~~~~~~^~~~~~~[m[K
[01m[K/home/stef/RCAP/mpu9250/lib/mpu9250sensor/src/mpu9250sensor.cpp:[m[K In member function ‘[01m[Kdouble MPU9250Sensor::getAccelerationY() const[m[K’:
[01m[K/home/stef/RCAP/mpu9250/lib/mpu9250sensor/src/mpu9250sensor.cpp:89:15:[m[K [01;35m[Kwarning: [m[Kcomparison is always false due to limited range of data type [[01;35m[K-Wtype-limits[m[K]
   89 |   if ([01;35m[Kaccel_y > 32768[m[K)
      |       [01;35m[K~~~~~~~~^~~~~~~[m[K
[01m[K/home/stef/RCAP/mpu9250/lib/mpu9250sensor/src/mpu9250sensor.cpp:[m[K In member function ‘[01m[Kdouble MPU9250Sensor::getAccelerationZ() const[m[K’:
[01m[K/home/stef/RCAP/mpu9250/lib/mpu9250sensor/src/mpu9250sensor.cpp:104:15:[m[K [01;35m[Kwarning: [m[Kcomparison is always false due to limited range of data type [[01;35m[K-Wtype-limits[m[K]
  104 |   if ([01;35m[Kaccel_z > 32768[m[K)
      |       [01;35m[K~~~~~~~~^~~~~~~[m[K
[01m[K/home/stef/RCAP/mpu9250/lib/mpu9250sensor/src/mpu9250sensor.cpp:[m[K In member function ‘[01m[Kdouble MPU9250Sensor::getAngularVelocityX() const[m[K’:
[01m[K/home/stef/RCAP/mpu9250/lib/mpu9250sensor/src/mpu9250sensor.cpp:119:14:[m[K [01;35m[Kwarning: [m[Kcomparison is always false due to limited range of data type [[01;35m[K-Wtype-limits[m[K]
  119 |   if ([01;35m[Kgyro_x > 32768[m[K)
      |       [01;35m[K~~~~~~~^~~~~~~[m[K
[01m[K/home/stef/RCAP/mpu9250/lib/mpu9250sensor/src/mpu9250sensor.cpp:[m[K In member function ‘[01m[Kdouble MPU9250Sensor::getAngularVelocityY() const[m[K’:
[01m[K/home/stef/RCAP/mpu9250/lib/mpu9250sensor/src/mpu9250sensor.cpp:134:14:[m[K [01;35m[Kwarning: [m[Kcomparison is always false due to limited range of data type [[01;35m[K-Wtype-limits[m[K]
  134 |   if ([01;35m[Kgyro_y > 32768[m[K)
      |       [01;35m[K~~~~~~~^~~~~~~[m[K
[01m[K/home/stef/RCAP/mpu9250/lib/mpu9250sensor/src/mpu9250sensor.cpp:[m[K In member function ‘[01m[Kdouble MPU9250Sensor::getAngularVelocityZ() const[m[K’:
[01m[K/home/stef/RCAP/mpu9250/lib/mpu9250sensor/src/mpu9250sensor.cpp:149:14:[m[K [01;35m[Kwarning: [m[Kcomparison is always false due to limited range of data type [[01;35m[K-Wtype-limits[m[K]
  149 |   if ([01;35m[Kgyro_z > 32768[m[K)
      |       [01;35m[K~~~~~~~^~~~~~~[m[K
[01m[K/home/stef/RCAP/mpu9250/lib/mpu9250sensor/src/mpu9250sensor.cpp:[m[K In member function ‘[01m[Kdouble MPU9250Sensor::getMagneticFluxDensityX() const[m[K’:
[01m[K/home/stef/RCAP/mpu9250/lib/mpu9250sensor/src/mpu9250sensor.cpp:165:13:[m[K [01;35m[Kwarning: [m[Kcomparison is always false due to limited range of data type [[01;35m[K-Wtype-limits[m[K]
  165 |   if ([01;35m[Kmag_x > 32768[m[K)
      |       [01;35m[K~~~~~~^~~~~~~[m[K
[01m[K/home/stef/RCAP/mpu9250/lib/mpu9250sensor/src/mpu9250sensor.cpp:[m[K In member function ‘[01m[Kdouble MPU9250Sensor::getMagneticFluxDensityY() const[m[K’:
[01m[K/home/stef/RCAP/mpu9250/lib/mpu9250sensor/src/mpu9250sensor.cpp:181:13:[m[K [01;35m[Kwarning: [m[Kcomparison is always false due to limited range of data type [[01;35m[K-Wtype-limits[m[K]
  181 |   if ([01;35m[Kmag_y > 32768[m[K)
      |       [01;35m[K~~~~~~^~~~~~~[m[K
[01m[K/home/stef/RCAP/mpu9250/lib/mpu9250sensor/src/mpu9250sensor.cpp:[m[K In member function ‘[01m[Kdouble MPU9250Sensor::getMagneticFluxDensityZ() const[m[K’:
[01m[K/home/stef/RCAP/mpu9250/lib/mpu9250sensor/src/mpu9250sensor.cpp:197:13:[m[K [01;35m[Kwarning: [m[Kcomparison is always false due to limited range of data type [[01;35m[K-Wtype-limits[m[K]
  197 |   if ([01;35m[Kmag_z > 32768[m[K)
      |       [01;35m[K~~~~~~^~~~~~~[m[K
[01m[K/home/stef/RCAP/mpu9250/lib/mpu9250sensor/src/mpu9250sensor.cpp:[m[K In member function ‘[01m[Kvoid MPU9250Sensor::triggerNextMagReading() const[m[K’:
[01m[K/home/stef/RCAP/mpu9250/lib/mpu9250sensor/src/mpu9250sensor.cpp:210:10:[m[K [01;35m[Kwarning: [m[Kunused variable ‘[01m[Kstatus2[m[K’ [[01;35m[K-Wunused-variable[m[K]
  210 |   int8_t [01;35m[Kstatus2[m[K = i2cBus_->read(STATUS_2);
      |          [01;35m[K^~~~~~~[m[K
[ 66%] [32m[1mLinking CXX static library libmpu9250sensor.a[0m
[ 66%] Built target mpu9250sensor
[35m[1mScanning dependencies of target mpu9250driver[0m
[ 83%] [32mBuilding CXX object CMakeFiles/mpu9250driver.dir/src/mpu9250driver.cpp.o[0m
[01m[K/home/stef/RCAP/mpu9250/src/mpu9250driver.cpp:[m[K In member function ‘[01m[Kvoid MPU9250Driver::calculateOrientation(sensor_msgs::msg::Imu&)[m[K’:
[01m[K/home/stef/RCAP/mpu9250/src/mpu9250driver.cpp:88:73:[m[K [01;35m[Kwarning: [m[Kvariable ‘[01m[KmagneticFluxDensityZ[m[K’ set but not used [[01;35m[K-Wunused-but-set-variable[m[K]
   88 |   double roll, pitch, yaw, magneticFluxDensityX, magneticFluxDensityY,  [01;35m[KmagneticFluxDensityZ[m[K;
      |                                                                         [01;35m[K^~~~~~~~~~~~~~~~~~~~[m[K
[100%] [32m[1mLinking CXX executable mpu9250driver[0m
[100%] Built target mpu9250driver
-- Install configuration: ""
-- Installing: /home/stef/RCAP/mpu9250/install/mpu9250driver/lib/mpu9250driver/mpu9250driver
-- Set runtime path of "/home/stef/RCAP/mpu9250/install/mpu9250driver/lib/mpu9250driver/mpu9250driver" to ""
-- Up-to-date: /home/stef/RCAP/mpu9250/install/mpu9250driver/share/mpu9250driver//launch
-- Up-to-date: /home/stef/RCAP/mpu9250/install/mpu9250driver/share/mpu9250driver//launch/mpu9250driver_launch.py
-- Up-to-date: /home/stef/RCAP/mpu9250/install/mpu9250driver/share/mpu9250driver//config
-- Up-to-date: /home/stef/RCAP/mpu9250/install/mpu9250driver/share/mpu9250driver//config/imu_calibration.yaml
-- Installing: /home/stef/RCAP/mpu9250/install/mpu9250driver/share/ament_index/resource_index/package_run_dependencies/mpu9250driver
-- Installing: /home/stef/RCAP/mpu9250/install/mpu9250driver/share/ament_index/resource_index/parent_prefix_path/mpu9250driver
-- Up-to-date: /home/stef/RCAP/mpu9250/install/mpu9250driver/share/mpu9250driver/environment/ament_prefix_path.sh
-- Installing: /home/stef/RCAP/mpu9250/install/mpu9250driver/share/mpu9250driver/environment/ament_prefix_path.dsv
-- Up-to-date: /home/stef/RCAP/mpu9250/install/mpu9250driver/share/mpu9250driver/environment/path.sh
-- Installing: /home/stef/RCAP/mpu9250/install/mpu9250driver/share/mpu9250driver/environment/path.dsv
-- Installing: /home/stef/RCAP/mpu9250/install/mpu9250driver/share/mpu9250driver/local_setup.bash
-- Installing: /home/stef/RCAP/mpu9250/install/mpu9250driver/share/mpu9250driver/local_setup.sh
-- Installing: /home/stef/RCAP/mpu9250/install/mpu9250driver/share/mpu9250driver/local_setup.zsh
-- Installing: /home/stef/RCAP/mpu9250/install/mpu9250driver/share/mpu9250driver/local_setup.dsv
-- Installing: /home/stef/RCAP/mpu9250/install/mpu9250driver/share/mpu9250driver/package.dsv
-- Installing: /home/stef/RCAP/mpu9250/install/mpu9250driver/share/ament_index/resource_index/packages/mpu9250driver
-- Installing: /home/stef/RCAP/mpu9250/install/mpu9250driver/share/mpu9250driver/cmake/mpu9250driverConfig.cmake
-- Installing: /home/stef/RCAP/mpu9250/install/mpu9250driver/share/mpu9250driver/cmake/mpu9250driverConfig-version.cmake
-- Up-to-date: /home/stef/RCAP/mpu9250/install/mpu9250driver/share/mpu9250driver/package.xml
