[0.026s] Invoking command in '/home/stef/RCAP/mpu9250/build/mpu9250driver': CMAKE_PREFIX_PATH=${CMAKE_PREFIX_PATH}:/opt/ros/galactic /usr/bin/cmake --build /home/stef/RCAP/mpu9250/build/mpu9250driver -- -j4 -l4
[0.117s] [35m[1mScanning dependencies of target mpu9250sensor[0m
[0.143s] [ 33%] Built target linux_i2c_communicator
[0.143s] [ 50%] [32mBuilding CXX object lib/mpu9250sensor/CMakeFiles/mpu9250sensor.dir/src/mpu9250sensor.cpp.o[0m
[1.038s] [01m[K/home/stef/RCAP/mpu9250/lib/mpu9250sensor/src/mpu9250sensor.cpp:[m[K In constructor ‘[01m[KMPU9250Sensor::MPU9250Sensor(std::unique_ptr<I2cCommunicator>)[m[K’:
[1.038s] [01m[K/home/stef/RCAP/mpu9250/lib/mpu9250sensor/src/mpu9250sensor.cpp:16:7:[m[K [01;35m[Kwarning: [m[Kvariable ‘[01m[Kresult[m[K’ set but not used [[01;35m[K-Wunused-but-set-variable[m[K]
[1.039s]    16 |   int [01;35m[Kresult[m[K = i2cBus_->write(PWR_MGMT_1, 0);
[1.039s]       |       [01;35m[K^~~~~~[m[K
[1.042s] [01m[K/home/stef/RCAP/mpu9250/lib/mpu9250sensor/src/mpu9250sensor.cpp:[m[K In member function ‘[01m[Kdouble MPU9250Sensor::getAccelerationX() const[m[K’:
[1.042s] [01m[K/home/stef/RCAP/mpu9250/lib/mpu9250sensor/src/mpu9250sensor.cpp:74:15:[m[K [01;35m[Kwarning: [m[Kcomparison is always false due to limited range of data type [[01;35m[K-Wtype-limits[m[K]
[1.042s]    74 |   if ([01;35m[Kaccel_x > 32768[m[K)
[1.043s]       |       [01;35m[K~~~~~~~~^~~~~~~[m[K
[1.043s] [01m[K/home/stef/RCAP/mpu9250/lib/mpu9250sensor/src/mpu9250sensor.cpp:[m[K In member function ‘[01m[Kdouble MPU9250Sensor::getAccelerationY() const[m[K’:
[1.044s] [01m[K/home/stef/RCAP/mpu9250/lib/mpu9250sensor/src/mpu9250sensor.cpp:89:15:[m[K [01;35m[Kwarning: [m[Kcomparison is always false due to limited range of data type [[01;35m[K-Wtype-limits[m[K]
[1.044s]    89 |   if ([01;35m[Kaccel_y > 32768[m[K)
[1.044s]       |       [01;35m[K~~~~~~~~^~~~~~~[m[K
[1.045s] [01m[K/home/stef/RCAP/mpu9250/lib/mpu9250sensor/src/mpu9250sensor.cpp:[m[K In member function ‘[01m[Kdouble MPU9250Sensor::getAccelerationZ() const[m[K’:
[1.045s] [01m[K/home/stef/RCAP/mpu9250/lib/mpu9250sensor/src/mpu9250sensor.cpp:104:15:[m[K [01;35m[Kwarning: [m[Kcomparison is always false due to limited range of data type [[01;35m[K-Wtype-limits[m[K]
[1.045s]   104 |   if ([01;35m[Kaccel_z > 32768[m[K)
[1.045s]       |       [01;35m[K~~~~~~~~^~~~~~~[m[K
[1.046s] [01m[K/home/stef/RCAP/mpu9250/lib/mpu9250sensor/src/mpu9250sensor.cpp:[m[K In member function ‘[01m[Kdouble MPU9250Sensor::getAngularVelocityX() const[m[K’:
[1.047s] [01m[K/home/stef/RCAP/mpu9250/lib/mpu9250sensor/src/mpu9250sensor.cpp:119:14:[m[K [01;35m[Kwarning: [m[Kcomparison is always false due to limited range of data type [[01;35m[K-Wtype-limits[m[K]
[1.047s]   119 |   if ([01;35m[Kgyro_x > 32768[m[K)
[1.047s]       |       [01;35m[K~~~~~~~^~~~~~~[m[K
[1.048s] [01m[K/home/stef/RCAP/mpu9250/lib/mpu9250sensor/src/mpu9250sensor.cpp:[m[K In member function ‘[01m[Kdouble MPU9250Sensor::getAngularVelocityY() const[m[K’:
[1.048s] [01m[K/home/stef/RCAP/mpu9250/lib/mpu9250sensor/src/mpu9250sensor.cpp:134:14:[m[K [01;35m[Kwarning: [m[Kcomparison is always false due to limited range of data type [[01;35m[K-Wtype-limits[m[K]
[1.048s]   134 |   if ([01;35m[Kgyro_y > 32768[m[K)
[1.048s]       |       [01;35m[K~~~~~~~^~~~~~~[m[K
[1.049s] [01m[K/home/stef/RCAP/mpu9250/lib/mpu9250sensor/src/mpu9250sensor.cpp:[m[K In member function ‘[01m[Kdouble MPU9250Sensor::getAngularVelocityZ() const[m[K’:
[1.049s] [01m[K/home/stef/RCAP/mpu9250/lib/mpu9250sensor/src/mpu9250sensor.cpp:149:14:[m[K [01;35m[Kwarning: [m[Kcomparison is always false due to limited range of data type [[01;35m[K-Wtype-limits[m[K]
[1.050s]   149 |   if ([01;35m[Kgyro_z > 32768[m[K)
[1.050s]       |       [01;35m[K~~~~~~~^~~~~~~[m[K
[1.051s] [01m[K/home/stef/RCAP/mpu9250/lib/mpu9250sensor/src/mpu9250sensor.cpp:[m[K In member function ‘[01m[Kdouble MPU9250Sensor::getMagneticFluxDensityX() const[m[K’:
[1.051s] [01m[K/home/stef/RCAP/mpu9250/lib/mpu9250sensor/src/mpu9250sensor.cpp:165:13:[m[K [01;35m[Kwarning: [m[Kcomparison is always false due to limited range of data type [[01;35m[K-Wtype-limits[m[K]
[1.051s]   165 |   if ([01;35m[Kmag_x > 32768[m[K)
[1.051s]       |       [01;35m[K~~~~~~^~~~~~~[m[K
[1.053s] [01m[K/home/stef/RCAP/mpu9250/lib/mpu9250sensor/src/mpu9250sensor.cpp:[m[K In member function ‘[01m[Kdouble MPU9250Sensor::getMagneticFluxDensityY() const[m[K’:
[1.053s] [01m[K/home/stef/RCAP/mpu9250/lib/mpu9250sensor/src/mpu9250sensor.cpp:181:13:[m[K [01;35m[Kwarning: [m[Kcomparison is always false due to limited range of data type [[01;35m[K-Wtype-limits[m[K]
[1.054s]   181 |   if ([01;35m[Kmag_y > 32768[m[K)
[1.054s]       |       [01;35m[K~~~~~~^~~~~~~[m[K
[1.055s] [01m[K/home/stef/RCAP/mpu9250/lib/mpu9250sensor/src/mpu9250sensor.cpp:[m[K In member function ‘[01m[Kdouble MPU9250Sensor::getMagneticFluxDensityZ() const[m[K’:
[1.055s] [01m[K/home/stef/RCAP/mpu9250/lib/mpu9250sensor/src/mpu9250sensor.cpp:197:13:[m[K [01;35m[Kwarning: [m[Kcomparison is always false due to limited range of data type [[01;35m[K-Wtype-limits[m[K]
[1.055s]   197 |   if ([01;35m[Kmag_z > 32768[m[K)
[1.056s]       |       [01;35m[K~~~~~~^~~~~~~[m[K
[1.056s] [01m[K/home/stef/RCAP/mpu9250/lib/mpu9250sensor/src/mpu9250sensor.cpp:[m[K In member function ‘[01m[Kvoid MPU9250Sensor::triggerNextMagReading() const[m[K’:
[1.057s] [01m[K/home/stef/RCAP/mpu9250/lib/mpu9250sensor/src/mpu9250sensor.cpp:210:10:[m[K [01;35m[Kwarning: [m[Kunused variable ‘[01m[Kstatus2[m[K’ [[01;35m[K-Wunused-variable[m[K]
[1.057s]   210 |   int8_t [01;35m[Kstatus2[m[K = i2cBus_->read(STATUS_2);
[1.057s]       |          [01;35m[K^~~~~~~[m[K
[1.354s] [ 66%] [32m[1mLinking CXX static library libmpu9250sensor.a[0m
[1.417s] [ 66%] Built target mpu9250sensor
[1.445s] [35m[1mScanning dependencies of target mpu9250driver[0m
[1.577s] [ 83%] [32mBuilding CXX object CMakeFiles/mpu9250driver.dir/src/mpu9250driver.cpp.o[0m
[6.896s] [01m[K/home/stef/RCAP/mpu9250/src/mpu9250driver.cpp:[m[K In member function ‘[01m[Kvoid MPU9250Driver::calculateOrientation(sensor_msgs::msg::Imu&)[m[K’:
[6.896s] [01m[K/home/stef/RCAP/mpu9250/src/mpu9250driver.cpp:88:73:[m[K [01;35m[Kwarning: [m[Kvariable ‘[01m[KmagneticFluxDensityZ[m[K’ set but not used [[01;35m[K-Wunused-but-set-variable[m[K]
[6.896s]    88 |   double roll, pitch, yaw, magneticFluxDensityX, magneticFluxDensityY,  [01;35m[KmagneticFluxDensityZ[m[K;
[6.896s]       |                                                                         [01;35m[K^~~~~~~~~~~~~~~~~~~~[m[K
[12.001s] [100%] [32m[1mLinking CXX executable mpu9250driver[0m
[12.548s] [100%] Built target mpu9250driver
[12.571s] Invoked command in '/home/stef/RCAP/mpu9250/build/mpu9250driver' returned '0': CMAKE_PREFIX_PATH=${CMAKE_PREFIX_PATH}:/opt/ros/galactic /usr/bin/cmake --build /home/stef/RCAP/mpu9250/build/mpu9250driver -- -j4 -l4
[12.635s] Invoking command in '/home/stef/RCAP/mpu9250/build/mpu9250driver': CMAKE_PREFIX_PATH=${CMAKE_PREFIX_PATH}:/opt/ros/galactic /usr/bin/cmake --install /home/stef/RCAP/mpu9250/build/mpu9250driver
[12.653s] -- Install configuration: ""
[12.654s] -- Installing: /home/stef/RCAP/mpu9250/install/mpu9250driver/lib/mpu9250driver/mpu9250driver
[12.664s] -- Set runtime path of "/home/stef/RCAP/mpu9250/install/mpu9250driver/lib/mpu9250driver/mpu9250driver" to ""
[12.664s] -- Up-to-date: /home/stef/RCAP/mpu9250/install/mpu9250driver/share/mpu9250driver//launch
[12.665s] -- Up-to-date: /home/stef/RCAP/mpu9250/install/mpu9250driver/share/mpu9250driver//launch/mpu9250driver_launch.py
[12.665s] -- Up-to-date: /home/stef/RCAP/mpu9250/install/mpu9250driver/share/mpu9250driver//config
[12.665s] -- Up-to-date: /home/stef/RCAP/mpu9250/install/mpu9250driver/share/mpu9250driver//config/imu_calibration.yaml
[12.666s] -- Installing: /home/stef/RCAP/mpu9250/install/mpu9250driver/share/ament_index/resource_index/package_run_dependencies/mpu9250driver
[12.666s] -- Installing: /home/stef/RCAP/mpu9250/install/mpu9250driver/share/ament_index/resource_index/parent_prefix_path/mpu9250driver
[12.667s] -- Up-to-date: /home/stef/RCAP/mpu9250/install/mpu9250driver/share/mpu9250driver/environment/ament_prefix_path.sh
[12.667s] -- Installing: /home/stef/RCAP/mpu9250/install/mpu9250driver/share/mpu9250driver/environment/ament_prefix_path.dsv
[12.669s] -- Up-to-date: /home/stef/RCAP/mpu9250/install/mpu9250driver/share/mpu9250driver/environment/path.sh
[12.669s] -- Installing: /home/stef/RCAP/mpu9250/install/mpu9250driver/share/mpu9250driver/environment/path.dsv
[12.670s] -- Installing: /home/stef/RCAP/mpu9250/install/mpu9250driver/share/mpu9250driver/local_setup.bash
[12.670s] -- Installing: /home/stef/RCAP/mpu9250/install/mpu9250driver/share/mpu9250driver/local_setup.sh
[12.671s] -- Installing: /home/stef/RCAP/mpu9250/install/mpu9250driver/share/mpu9250driver/local_setup.zsh
[12.672s] -- Installing: /home/stef/RCAP/mpu9250/install/mpu9250driver/share/mpu9250driver/local_setup.dsv
[12.673s] -- Installing: /home/stef/RCAP/mpu9250/install/mpu9250driver/share/mpu9250driver/package.dsv
[12.674s] -- Installing: /home/stef/RCAP/mpu9250/install/mpu9250driver/share/ament_index/resource_index/packages/mpu9250driver
[12.674s] -- Installing: /home/stef/RCAP/mpu9250/install/mpu9250driver/share/mpu9250driver/cmake/mpu9250driverConfig.cmake
[12.675s] -- Installing: /home/stef/RCAP/mpu9250/install/mpu9250driver/share/mpu9250driver/cmake/mpu9250driverConfig-version.cmake
[12.676s] -- Up-to-date: /home/stef/RCAP/mpu9250/install/mpu9250driver/share/mpu9250driver/package.xml
[12.681s] Invoked command in '/home/stef/RCAP/mpu9250/build/mpu9250driver' returned '0': CMAKE_PREFIX_PATH=${CMAKE_PREFIX_PATH}:/opt/ros/galactic /usr/bin/cmake --install /home/stef/RCAP/mpu9250/build/mpu9250driver
