[0.668s] DEBUG:colcon:Command line arguments: ['/usr/bin/colcon', 'build']
[0.668s] DEBUG:colcon:Parsed command line arguments: Namespace(ament_cmake_args=None, base_paths=['.'], build_base='build', catkin_cmake_args=None, catkin_skip_building_tests=False, cmake_args=None, cmake_clean_cache=False, cmake_clean_first=False, cmake_force_configure=False, cmake_target=None, cmake_target_skip_unavailable=False, continue_on_error=False, event_handlers=None, executor='parallel', ignore_user_meta=False, install_base='install', log_base=None, log_level=None, main=<bound method BuildVerb.main of <colcon_core.verb.build.BuildVerb object at 0x7fa795314160>>, merge_install=False, metas=['./colcon.meta'], packages_above=None, packages_above_and_dependencies=None, packages_above_depth=None, packages_end=None, packages_ignore=None, packages_ignore_regex=None, packages_select=None, packages_select_build_failed=False, packages_select_by_dep=None, packages_select_regex=None, packages_select_test_failures=False, packages_skip=None, packages_skip_build_finished=False, packages_skip_by_dep=None, packages_skip_regex=None, packages_skip_test_passed=False, packages_skip_up_to=None, packages_start=None, packages_up_to=None, packages_up_to_regex=None, parallel_workers=4, paths=None, symlink_install=False, test_result_base=None, verb_extension=<colcon_core.verb.build.BuildVerb object at 0x7fa795314160>, verb_name='build', verb_parser=<colcon_defaults.argument_parser.defaults.DefaultArgumentsDecorator object at 0x7fa7953146a0>)
[0.678s] Level 1:colcon.colcon_core.package_discovery:discover_packages(colcon_meta) check parameters
[0.678s] Level 1:colcon.colcon_core.package_discovery:discover_packages(recursive) check parameters
[0.678s] Level 1:colcon.colcon_core.package_discovery:discover_packages(ignore) check parameters
[0.678s] Level 1:colcon.colcon_core.package_discovery:discover_packages(path) check parameters
[0.678s] Level 1:colcon.colcon_core.package_discovery:discover_packages(colcon_meta) discover
[0.679s] Level 1:colcon.colcon_core.package_discovery:discover_packages(recursive) discover
[0.679s] INFO:colcon.colcon_core.package_discovery:Crawling recursively for packages in '/home/stef/RCAP/robot_car'
[0.679s] Level 1:colcon.colcon_core.package_identification:_identify(.) by extensions ['ignore', 'ignore_ament_install']
[0.679s] Level 1:colcon.colcon_core.package_identification:_identify(.) by extension 'ignore'
[0.679s] Level 1:colcon.colcon_core.package_identification:_identify(.) by extension 'ignore_ament_install'
[0.679s] Level 1:colcon.colcon_core.package_identification:_identify(.) by extensions ['colcon_pkg']
[0.679s] Level 1:colcon.colcon_core.package_identification:_identify(.) by extension 'colcon_pkg'
[0.680s] Level 1:colcon.colcon_core.package_identification:_identify(.) by extensions ['colcon_meta']
[0.680s] Level 1:colcon.colcon_core.package_identification:_identify(.) by extension 'colcon_meta'
[0.680s] Level 1:colcon.colcon_core.package_identification:_identify(.) by extensions ['ros']
[0.680s] Level 1:colcon.colcon_core.package_identification:_identify(.) by extension 'ros'
[0.709s] DEBUG:colcon.colcon_core.package_identification:Package '.' with type 'ros.ament_cmake' and name 'robot_car'
[0.709s] Level 1:colcon.colcon_core.package_discovery:discover_packages(recursive) using defaults
[0.709s] Level 1:colcon.colcon_core.package_discovery:discover_packages(ignore) discover
[0.710s] Level 1:colcon.colcon_core.package_discovery:discover_packages(ignore) using defaults
[0.710s] Level 1:colcon.colcon_core.package_discovery:discover_packages(path) discover
[0.710s] Level 1:colcon.colcon_core.package_discovery:discover_packages(path) using defaults
[0.749s] Level 5:colcon.colcon_core.verb:set package 'robot_car' build argument 'cmake_args' from command line to 'None'
[0.749s] Level 5:colcon.colcon_core.verb:set package 'robot_car' build argument 'cmake_target' from command line to 'None'
[0.749s] Level 5:colcon.colcon_core.verb:set package 'robot_car' build argument 'cmake_target_skip_unavailable' from command line to 'False'
[0.749s] Level 5:colcon.colcon_core.verb:set package 'robot_car' build argument 'cmake_clean_cache' from command line to 'False'
[0.749s] Level 5:colcon.colcon_core.verb:set package 'robot_car' build argument 'cmake_clean_first' from command line to 'False'
[0.749s] Level 5:colcon.colcon_core.verb:set package 'robot_car' build argument 'cmake_force_configure' from command line to 'False'
[0.750s] Level 5:colcon.colcon_core.verb:set package 'robot_car' build argument 'ament_cmake_args' from command line to 'None'
[0.750s] Level 5:colcon.colcon_core.verb:set package 'robot_car' build argument 'catkin_cmake_args' from command line to 'None'
[0.750s] Level 5:colcon.colcon_core.verb:set package 'robot_car' build argument 'catkin_skip_building_tests' from command line to 'False'
[0.750s] DEBUG:colcon.colcon_core.verb:Building package 'robot_car' with the following arguments: {'ament_cmake_args': None, 'build_base': '/home/stef/RCAP/robot_car/build/robot_car', 'catkin_cmake_args': None, 'catkin_skip_building_tests': False, 'cmake_args': None, 'cmake_clean_cache': False, 'cmake_clean_first': False, 'cmake_force_configure': False, 'cmake_target': None, 'cmake_target_skip_unavailable': False, 'install_base': '/home/stef/RCAP/robot_car/install/robot_car', 'merge_install': False, 'path': '/home/stef/RCAP/robot_car', 'symlink_install': False, 'test_result_base': None}
[0.751s] INFO:colcon.colcon_core.executor:Executing jobs using 'parallel' executor
[0.754s] DEBUG:colcon.colcon_parallel_executor.executor.parallel:run_until_complete
[0.754s] INFO:colcon.colcon_ros.task.ament_cmake.build:Building ROS package in '/home/stef/RCAP/robot_car' with build type 'ament_cmake'
[0.754s] INFO:colcon.colcon_cmake.task.cmake.build:Building CMake package in '/home/stef/RCAP/robot_car'
[0.761s] INFO:colcon.colcon_core.plugin_system:Skipping extension 'colcon_core.shell.bat': Not used on non-Windows systems
[0.761s] INFO:colcon.colcon_core.shell:Skip shell extension 'powershell' for command environment: Not usable outside of PowerShell
[0.761s] DEBUG:colcon.colcon_core.shell:Skip shell extension 'dsv' for command environment
[0.765s] WARNING:colcon.colcon_core.prefix_path.colcon:The path '/home/stef/RCAP/install' in the environment variable COLCON_PREFIX_PATH doesn't exist
[0.765s] WARNING:colcon.colcon_ros.prefix_path.ament:The path '/home/stef/RCAP/robot_car/install/robot_car' in the environment variable AMENT_PREFIX_PATH doesn't exist
[0.766s] WARNING:colcon.colcon_ros.prefix_path.ament:The path '/home/stef/RCAP/install/robot_car' in the environment variable AMENT_PREFIX_PATH doesn't exist
[0.766s] WARNING:colcon.colcon_ros.prefix_path.catkin:The path '/home/stef/RCAP/robot_car/install/robot_car' in the environment variable CMAKE_PREFIX_PATH doesn't exist
[0.766s] WARNING:colcon.colcon_ros.prefix_path.catkin:The path '/home/stef/RCAP/install/robot_car' in the environment variable CMAKE_PREFIX_PATH doesn't exist
[0.767s] DEBUG:colcon.colcon_core.shell:Ignoring prefix path '/opt/ros/galactic'
[0.782s] DEBUG:colcon.colcon_core.event_handler.log_command:Invoking command in '/home/stef/RCAP/robot_car/build/robot_car': CMAKE_PREFIX_PATH=${CMAKE_PREFIX_PATH}:/home/stef/dev_ws/src/robot_car/install/robot_car:/opt/ros/galactic /usr/bin/cmake /home/stef/RCAP/robot_car -DCMAKE_INSTALL_PREFIX=/home/stef/RCAP/robot_car/install/robot_car
[2.541s] DEBUG:colcon.colcon_core.event_handler.log_command:Invoked command in '/home/stef/RCAP/robot_car/build/robot_car' returned '0': CMAKE_PREFIX_PATH=${CMAKE_PREFIX_PATH}:/home/stef/dev_ws/src/robot_car/install/robot_car:/opt/ros/galactic /usr/bin/cmake /home/stef/RCAP/robot_car -DCMAKE_INSTALL_PREFIX=/home/stef/RCAP/robot_car/install/robot_car
[2.548s] DEBUG:colcon.colcon_core.event_handler.log_command:Invoking command in '/home/stef/RCAP/robot_car/build/robot_car': CMAKE_PREFIX_PATH=${CMAKE_PREFIX_PATH}:/home/stef/dev_ws/src/robot_car/install/robot_car:/opt/ros/galactic /usr/bin/cmake --build /home/stef/RCAP/robot_car/build/robot_car -- -j4 -l4
[2.637s] DEBUG:colcon.colcon_core.event_handler.log_command:Invoked command in '/home/stef/RCAP/robot_car/build/robot_car' returned '0': CMAKE_PREFIX_PATH=${CMAKE_PREFIX_PATH}:/home/stef/dev_ws/src/robot_car/install/robot_car:/opt/ros/galactic /usr/bin/cmake --build /home/stef/RCAP/robot_car/build/robot_car -- -j4 -l4
[2.714s] DEBUG:colcon.colcon_core.event_handler.log_command:Invoking command in '/home/stef/RCAP/robot_car/build/robot_car': CMAKE_PREFIX_PATH=${CMAKE_PREFIX_PATH}:/home/stef/dev_ws/src/robot_car/install/robot_car:/opt/ros/galactic /usr/bin/cmake --install /home/stef/RCAP/robot_car/build/robot_car
[2.749s] Level 1:colcon.colcon_core.environment:create_environment_scripts_only(robot_car)
[2.751s] DEBUG:colcon.colcon_core.event_handler.log_command:Invoked command in '/home/stef/RCAP/robot_car/build/robot_car' returned '0': CMAKE_PREFIX_PATH=${CMAKE_PREFIX_PATH}:/home/stef/dev_ws/src/robot_car/install/robot_car:/opt/ros/galactic /usr/bin/cmake --install /home/stef/RCAP/robot_car/build/robot_car
[2.756s] Level 1:colcon.colcon_core.environment:checking '/home/stef/RCAP/robot_car/install/robot_car' for CMake module files
[2.757s] Level 1:colcon.colcon_core.environment:checking '/home/stef/RCAP/robot_car/install/robot_car' for CMake config files
[2.758s] Level 1:colcon.colcon_core.shell:create_environment_hook('robot_car', 'cmake_prefix_path')
[2.759s] INFO:colcon.colcon_core.shell:Creating environment hook '/home/stef/RCAP/robot_car/install/robot_car/share/robot_car/hook/cmake_prefix_path.ps1'
[2.760s] INFO:colcon.colcon_core.shell:Creating environment descriptor '/home/stef/RCAP/robot_car/install/robot_car/share/robot_car/hook/cmake_prefix_path.dsv'
[2.761s] INFO:colcon.colcon_core.shell:Creating environment hook '/home/stef/RCAP/robot_car/install/robot_car/share/robot_car/hook/cmake_prefix_path.sh'
[2.763s] Level 1:colcon.colcon_core.environment:checking '/home/stef/RCAP/robot_car/install/robot_car/bin'
[2.763s] Level 1:colcon.colcon_core.environment:checking '/home/stef/RCAP/robot_car/install/robot_car/lib/pkgconfig/robot_car.pc'
[2.763s] Level 1:colcon.colcon_core.environment:checking '/home/stef/RCAP/robot_car/install/robot_car/lib/python3.8/site-packages'
[2.764s] INFO:colcon.colcon_core.shell:Creating package script '/home/stef/RCAP/robot_car/install/robot_car/share/robot_car/package.ps1'
[2.768s] INFO:colcon.colcon_core.shell:Creating package descriptor '/home/stef/RCAP/robot_car/install/robot_car/share/robot_car/package.dsv'
[2.769s] INFO:colcon.colcon_core.shell:Creating package script '/home/stef/RCAP/robot_car/install/robot_car/share/robot_car/package.sh'
[2.771s] INFO:colcon.colcon_core.shell:Creating package script '/home/stef/RCAP/robot_car/install/robot_car/share/robot_car/package.bash'
[2.772s] INFO:colcon.colcon_core.shell:Creating package script '/home/stef/RCAP/robot_car/install/robot_car/share/robot_car/package.zsh'
[2.774s] Level 1:colcon.colcon_core.environment:create_file_with_runtime_dependencies(/home/stef/RCAP/robot_car/install/robot_car/share/colcon-core/packages/robot_car)
[2.821s] Level 1:colcon.colcon_core.environment:create_environment_scripts_only(robot_car)
[2.823s] Level 1:colcon.colcon_core.environment:checking '/home/stef/RCAP/robot_car/install/robot_car' for CMake module files
[2.825s] Level 1:colcon.colcon_core.environment:checking '/home/stef/RCAP/robot_car/install/robot_car' for CMake config files
[2.826s] Level 1:colcon.colcon_core.shell:create_environment_hook('robot_car', 'cmake_prefix_path')
[2.827s] INFO:colcon.colcon_core.shell:Creating environment hook '/home/stef/RCAP/robot_car/install/robot_car/share/robot_car/hook/cmake_prefix_path.ps1'
[2.828s] INFO:colcon.colcon_core.shell:Creating environment descriptor '/home/stef/RCAP/robot_car/install/robot_car/share/robot_car/hook/cmake_prefix_path.dsv'
[2.829s] INFO:colcon.colcon_core.shell:Creating environment hook '/home/stef/RCAP/robot_car/install/robot_car/share/robot_car/hook/cmake_prefix_path.sh'
[2.830s] Level 1:colcon.colcon_core.environment:checking '/home/stef/RCAP/robot_car/install/robot_car/bin'
[2.830s] Level 1:colcon.colcon_core.environment:checking '/home/stef/RCAP/robot_car/install/robot_car/lib/pkgconfig/robot_car.pc'
[2.830s] Level 1:colcon.colcon_core.environment:checking '/home/stef/RCAP/robot_car/install/robot_car/lib/python3.8/site-packages'
[2.832s] INFO:colcon.colcon_core.shell:Creating package script '/home/stef/RCAP/robot_car/install/robot_car/share/robot_car/package.ps1'
[2.833s] INFO:colcon.colcon_core.shell:Creating package descriptor '/home/stef/RCAP/robot_car/install/robot_car/share/robot_car/package.dsv'
[2.834s] INFO:colcon.colcon_core.shell:Creating package script '/home/stef/RCAP/robot_car/install/robot_car/share/robot_car/package.sh'
[2.835s] INFO:colcon.colcon_core.shell:Creating package script '/home/stef/RCAP/robot_car/install/robot_car/share/robot_car/package.bash'
[2.837s] INFO:colcon.colcon_core.shell:Creating package script '/home/stef/RCAP/robot_car/install/robot_car/share/robot_car/package.zsh'
[2.840s] Level 1:colcon.colcon_core.environment:create_file_with_runtime_dependencies(/home/stef/RCAP/robot_car/install/robot_car/share/colcon-core/packages/robot_car)
[2.842s] DEBUG:colcon.colcon_parallel_executor.executor.parallel:closing loop
[2.842s] DEBUG:colcon.colcon_parallel_executor.executor.parallel:loop closed
[2.843s] DEBUG:colcon.colcon_parallel_executor.executor.parallel:run_until_complete finished with '0'
[2.843s] DEBUG:colcon.colcon_core.event_reactor:joining thread
[2.854s] INFO:colcon.colcon_core.plugin_system:Skipping extension 'colcon_notification.desktop_notification.terminal_notifier': Not used on non-Darwin systems
[2.855s] INFO:colcon.colcon_core.plugin_system:Skipping extension 'colcon_notification.desktop_notification.win32': Not used on non-Windows systems
[2.855s] INFO:colcon.colcon_notification.desktop_notification:Sending desktop notification using 'notify2'
[3.255s] DEBUG:colcon.colcon_core.event_reactor:joined thread
[3.257s] INFO:colcon.colcon_core.shell:Creating prefix script '/home/stef/RCAP/robot_car/install/local_setup.ps1'
[3.259s] INFO:colcon.colcon_core.shell:Creating prefix util module '/home/stef/RCAP/robot_car/install/_local_setup_util_ps1.py'
[3.262s] INFO:colcon.colcon_core.shell:Creating prefix chain script '/home/stef/RCAP/robot_car/install/setup.ps1'
[3.267s] INFO:colcon.colcon_core.shell:Creating prefix script '/home/stef/RCAP/robot_car/install/local_setup.sh'
[3.268s] INFO:colcon.colcon_core.shell:Creating prefix util module '/home/stef/RCAP/robot_car/install/_local_setup_util_sh.py'
[3.269s] INFO:colcon.colcon_core.shell:Creating prefix chain script '/home/stef/RCAP/robot_car/install/setup.sh'
[3.276s] INFO:colcon.colcon_core.shell:Creating prefix script '/home/stef/RCAP/robot_car/install/local_setup.bash'
[3.277s] INFO:colcon.colcon_core.shell:Creating prefix chain script '/home/stef/RCAP/robot_car/install/setup.bash'
[3.282s] INFO:colcon.colcon_core.shell:Creating prefix script '/home/stef/RCAP/robot_car/install/local_setup.zsh'
[3.283s] INFO:colcon.colcon_core.shell:Creating prefix chain script '/home/stef/RCAP/robot_car/install/setup.zsh'
